INFO [2026-03-09 15:13:05] === INICIANDO ANÁLISIS DESCRIPTIVO ===
INFO [2026-03-09 15:13:08] Cargando datos...
INFO [2026-03-09 15:13:11] Reddit datos cargados: 8 filas, 8 columnas
INFO [2026-03-09 15:13:16] Período: Inf a -Inf (-Inf días)
WARN [2026-03-09 15:13:16] Rango temporal muy corto (-Inf días). Resultados pueden ser inestables.
INFO [2026-03-09 15:13:17] Calculando estadísticos descriptivos...
INFO [2026-03-09 15:13:18] Usuarios únicos: 0
INFO [2026-03-09 15:13:18] Posts únicos: 0
INFO [2026-03-09 15:13:18] Comentarios totales: 8
INFO [2026-03-09 15:13:18] Analizando menciones por candidato...
INFO [2026-03-09 15:14:50] === INICIANDO ANÁLISIS DESCRIPTIVO ===
INFO [2026-03-09 15:14:51] Cargando datos...
INFO [2026-03-09 15:14:58] === INICIANDO ANÁLISIS DESCRIPTIVO ===
INFO [2026-03-09 15:15:00] Cargando datos...
INFO [2026-03-09 15:15:02] Reddit datos cargados: 8 filas, 8 columnas
INFO [2026-03-09 16:05:24] === INICIANDO ANÁLISIS DESCRIPTIVO ===
INFO [2026-03-09 16:05:24] Cargando datos...
INFO [2026-03-09 16:05:26] Reddit datos cargados: 200079 filas, 30 columnas
INFO [2026-03-09 16:05:26] Período: 2025-08-05 a 2026-01-22 (170 días)
INFO [2026-03-09 16:05:38] === INICIANDO ANÁLISIS DESCRIPTIVO ===
INFO [2026-03-09 16:05:38] Cargando datos...
INFO [2026-03-09 16:05:40] Reddit datos cargados: 200079 filas, 30 columnas
INFO [2026-03-09 16:05:40] Período: 2025-08-05 a 2026-01-22 (170 días)
WARN [2026-03-09 16:05:40] Google Trends no encontrado, se omitirán análisis de correlación
INFO [2026-03-09 16:05:40] Calculando estadísticos descriptivos...
INFO [2026-03-09 16:05:40] Usuarios únicos: 11.235
INFO [2026-03-09 16:05:40] Posts únicos: 4.244
INFO [2026-03-09 16:05:40] Comentarios totales: 200.079
INFO [2026-03-09 16:05:40] Analizando menciones por candidato...
INFO [2026-03-09 16:05:40] Menciones totales calculadas para 6 candidatos
INFO [2026-03-09 16:05:40] Figura guardada: fig1_distribucion_menciones.png
INFO [2026-03-09 16:05:40] Analizando evolución temporal...
INFO [2026-03-09 16:05:40] Figura guardada: fig2_evolucion_temporal.png
INFO [2026-03-09 16:05:40] Calculando métricas de engagement...
INFO [2026-03-09 16:05:41] Métricas de engagement guardadas
INFO [2026-03-09 16:05:42] Figura guardada: fig_engagement_candidatos.png
INFO [2026-03-09 16:05:42] Analizando concentración de usuarios...
INFO [2026-03-09 16:05:42] Índice de Gini (concentración): NA
INFO [2026-03-09 16:05:42] Top 10% usuarios (1123) generan 69.1% de comentarios
INFO [2026-03-09 16:05:42] Figura guardada: fig_lorenz_user_concentration.png
INFO [2026-03-09 16:05:42] Detectando eventos (change points)...
INFO [2026-03-09 16:05:59] === INICIANDO ANÁLISIS DESCRIPTIVO ===
INFO [2026-03-09 16:05:59] Cargando datos...
INFO [2026-03-09 16:06:01] Reddit datos cargados: 200079 filas, 30 columnas
INFO [2026-03-09 16:06:01] Período: 2025-08-05 a 2026-01-22 (170 días)
WARN [2026-03-09 16:06:01] Google Trends no encontrado, se omitirán análisis de correlación
INFO [2026-03-09 16:06:01] Calculando estadísticos descriptivos...
INFO [2026-03-09 16:06:01] Usuarios únicos: 11.235
INFO [2026-03-09 16:06:01] Posts únicos: 4.244
INFO [2026-03-09 16:06:01] Comentarios totales: 200.079
INFO [2026-03-09 16:06:01] Analizando menciones por candidato...
INFO [2026-03-09 16:06:01] Menciones totales calculadas para 6 candidatos
INFO [2026-03-09 16:06:02] Figura guardada: fig1_distribucion_menciones.png
INFO [2026-03-09 16:06:02] Analizando evolución temporal...
INFO [2026-03-09 16:06:02] Figura guardada: fig2_evolucion_temporal.png
INFO [2026-03-09 16:06:02] Calculando métricas de engagement...
INFO [2026-03-09 16:06:03] Métricas de engagement guardadas
INFO [2026-03-09 16:06:03] Figura guardada: fig_engagement_candidatos.png
INFO [2026-03-09 16:06:03] Analizando concentración de usuarios...
INFO [2026-03-09 16:06:03] Índice de Gini (concentración): 0.778
INFO [2026-03-09 16:06:03] Top 10% usuarios (1123) generan 69.1% de comentarios
INFO [2026-03-09 16:06:03] Figura guardada: fig_lorenz_user_concentration.png
INFO [2026-03-09 16:06:03] Detectando eventos (change points)...
INFO [2026-03-09 16:06:03] Eventos detectados: 116
INFO [2026-03-09 16:06:04] Figura guardada: fig_eventos_changepoints.png
INFO [2026-03-09 16:06:04] Calculando volatilidad temporal...
INFO [2026-03-09 16:06:04] Análisis de volatilidad completado
INFO [2026-03-09 16:06:04] Figura guardada: fig_volatilidad_temporal.png
INFO [2026-03-09 16:06:14] === INICIANDO ANÁLISIS DESCRIPTIVO ===
INFO [2026-03-09 16:06:14] Cargando datos...
INFO [2026-03-09 16:06:16] Reddit datos cargados: 200079 filas, 30 columnas
INFO [2026-03-09 16:06:16] Período: 2025-08-05 a 2026-01-22 (170 días)
WARN [2026-03-09 16:06:16] Google Trends no encontrado, se omitirán análisis de correlación
INFO [2026-03-09 16:06:16] Calculando estadísticos descriptivos...
INFO [2026-03-09 16:06:16] Usuarios únicos: 11.235
INFO [2026-03-09 16:06:16] Posts únicos: 4.244
INFO [2026-03-09 16:06:16] Comentarios totales: 200.079
INFO [2026-03-09 16:06:16] Analizando menciones por candidato...
INFO [2026-03-09 16:06:16] Menciones totales calculadas para 6 candidatos
INFO [2026-03-09 16:06:17] Figura guardada: fig1_distribucion_menciones.png
INFO [2026-03-09 16:06:17] Analizando evolución temporal...
INFO [2026-03-09 16:06:17] Figura guardada: fig2_evolucion_temporal.png
INFO [2026-03-09 16:06:17] Calculando métricas de engagement...
INFO [2026-03-09 16:06:18] Métricas de engagement guardadas
INFO [2026-03-09 16:06:18] Figura guardada: fig_engagement_candidatos.png
INFO [2026-03-09 16:06:18] Analizando concentración de usuarios...
INFO [2026-03-09 16:06:18] Índice de Gini (concentración): 0.778
INFO [2026-03-09 16:06:18] Top 10% usuarios (1123) generan 69.1% de comentarios
INFO [2026-03-09 16:06:18] Figura guardada: fig_lorenz_user_concentration.png
INFO [2026-03-09 16:06:18] Detectando eventos (change points)...
INFO [2026-03-09 16:06:18] Eventos detectados: 116
INFO [2026-03-09 16:06:18] Figura guardada: fig_eventos_changepoints.png
INFO [2026-03-09 16:06:18] Calculando volatilidad temporal...
INFO [2026-03-09 16:06:18] Análisis de volatilidad completado
INFO [2026-03-09 16:06:19] Figura guardada: fig_volatilidad_temporal.png
INFO [2026-03-09 16:06:19] === ANÁLISIS COMPLETADO ===
INFO [2026-03-09 16:06:19] Figuras generadas: 12
INFO [2026-03-09 16:06:19] Resultados en: /Users/matdknu/Dropbox/MACI-UDEC/thesis_final/outputs/thesis_figures
INFO [2026-03-09 18:26:34] === INICIANDO ANÁLISIS DESCRIPTIVO ===
INFO [2026-03-09 18:26:35] Cargando datos...
INFO [2026-03-09 18:26:38] Reddit datos cargados: 200079 filas, 30 columnas
INFO [2026-03-09 18:26:42] Período: 2025-08-05 a 2026-01-22 (170 días)
WARN [2026-03-09 18:26:44] Google Trends no encontrado, se omitirán análisis de correlación
INFO [2026-03-09 18:26:45] Calculando estadísticos descriptivos...
INFO [2026-03-09 18:26:46] Usuarios únicos: 11.235
INFO [2026-03-09 18:26:46] Posts únicos: 4.244
INFO [2026-03-09 18:26:46] Comentarios totales: 200.079
INFO [2026-03-09 18:26:48] Analizando menciones por candidato...
INFO [2026-03-09 18:26:50] Menciones totales calculadas para 6 candidatos
INFO [2026-03-09 18:26:56] Figura guardada: fig1_distribucion_menciones.png
INFO [2026-03-09 18:26:56] Analizando evolución temporal...
INFO [2026-03-09 18:27:01] Figura guardada: fig2_evolucion_temporal.png
INFO [2026-03-09 18:27:01] Calculando métricas de engagement...
INFO [2026-03-09 18:27:02] Métricas de engagement guardadas
INFO [2026-03-09 18:27:13] Figura guardada: fig_engagement_candidatos.png
INFO [2026-03-09 18:27:13] Analizando concentración de usuarios...
INFO [2026-03-09 18:27:16] Índice de Gini (concentración): 0.778
INFO [2026-03-09 18:27:17] Top 10% usuarios (1123) generan 69.1% de comentarios
INFO [2026-03-09 18:27:29] Figura guardada: fig_lorenz_user_concentration.png
INFO [2026-03-09 18:27:29] Detectando eventos (change points)...
INFO [2026-03-09 18:27:31] Eventos detectados: 116
INFO [2026-03-09 18:27:32] Figura guardada: fig_eventos_changepoints.png
INFO [2026-03-09 18:27:46] Calculando volatilidad temporal...
INFO [2026-03-09 18:27:58] Figura guardada: fig_volatilidad_temporal.png
INFO [2026-03-09 18:28:16] Figura guardada: fig_volatilidad_temporal.png
INFO [2026-03-09 18:28:27] === INICIANDO ANÁLISIS DESCRIPTIVO ===
INFO [2026-03-09 18:28:27] Cargando datos...
INFO [2026-03-09 18:28:28] Reddit datos cargados: 200079 filas, 30 columnas
INFO [2026-03-09 18:28:28] Período: 2025-08-05 a 2026-01-22 (170 días)
WARN [2026-03-09 18:28:28] Google Trends no encontrado, se omitirán análisis de correlación
INFO [2026-03-09 18:28:28] Calculando estadísticos descriptivos...
INFO [2026-03-09 18:28:28] Usuarios únicos: 11.235
INFO [2026-03-09 18:28:28] Posts únicos: 4.244
INFO [2026-03-09 18:28:28] Comentarios totales: 200.079
INFO [2026-03-09 18:28:28] Analizando menciones por candidato...
INFO [2026-03-09 18:28:28] Menciones totales calculadas para 6 candidatos
INFO [2026-03-09 18:28:28] Figura guardada: fig1_distribucion_menciones.png
INFO [2026-03-09 18:28:28] Analizando evolución temporal...
INFO [2026-03-09 18:28:29] Figura guardada: fig2_evolucion_temporal.png
INFO [2026-03-09 18:28:29] Calculando métricas de engagement...
INFO [2026-03-09 18:28:29] Métricas de engagement guardadas
INFO [2026-03-09 18:28:29] Figura guardada: fig_engagement_candidatos.png
INFO [2026-03-09 18:28:29] Analizando concentración de usuarios...
INFO [2026-03-09 18:28:30] Índice de Gini (concentración): 0.778
INFO [2026-03-09 18:28:30] Top 10% usuarios (1123) generan 69.1% de comentarios
INFO [2026-03-09 18:28:30] Figura guardada: fig_lorenz_user_concentration.png
INFO [2026-03-09 18:28:30] Detectando eventos (change points)...
INFO [2026-03-09 18:28:30] Eventos detectados: 116
INFO [2026-03-09 18:28:30] Figura guardada: fig_eventos_changepoints.png
INFO [2026-03-09 18:28:30] Calculando volatilidad temporal...
INFO [2026-03-09 18:28:30] Análisis de volatilidad completado
INFO [2026-03-09 18:28:31] Figura guardada: fig_volatilidad_temporal.png
